[+] Containers:
 |- [+] Container: /Game/Testing_Ground/Kurt/Kurt_Playground
 |   |- [+] ActorDescs:
 |   |   |- Guid:075227EC445ABB2A89262C8432BF3BC6 BaseClass: NativeClass:/Script/Engine.VolumetricCloud Name:VolumetricCloud_0 Label:VolumetricCloud SpatiallyLoaded:0 Bounds:IsValid=true, Min=(X=0.000 Y=0.000 Z=820.000), Max=(X=0.000 Y=0.000 Z=820.000) RuntimeGrid:None EditorOnly:0 RuntimeOnly:0 HLODRelevant:0 ListedInSceneOutliner:1 IsMainWorldOnly:0 FolderPath:Lighting FolderGuid:963EC3EB4002CCE9759E2EBA541A873A
 |   |   |- Guid:0E0006914BC578DC9AEAECB72B0B16D5 BaseClass: NativeClass:/Script/Engine.StaticMeshActor Name:StaticMeshActor_UAID_00FF710A957565ED01_1871315207 Label:Cube SpatiallyLoaded:1 Bounds:IsValid=true, Min=(X=-120.000 Y=3030.000 Z=750.000), Max=(X=-20.000 Y=3130.000 Z=850.000) RuntimeGrid:None EditorOnly:0 RuntimeOnly:0 HLODRelevant:1 ListedInSceneOutliner:1 IsMainWorldOnly:0
 |   |   |- Guid:194E7E794311D9CCECE5EB9044AE0D3F BaseClass: NativeClass:/Script/Landscape.LandscapeStreamingProxy Name:LandscapeStreamingProxy_CPIFHQMH4L4TGX10F8JPC21HU_126_1_0_0 Label:LandscapeStreamingProxy_1_0_0 SpatiallyLoaded:1 Bounds:IsValid=true, Min=(X=-6300.000 Y=-12600.000 Z=-387.031), Max=(X=0.000 Y=-6300.000 Z=1342.266) RuntimeGrid:None EditorOnly:0 RuntimeOnly:0 HLODRelevant:1 ListedInSceneOutliner:1 IsMainWorldOnly:0
 |   |   |- Guid:2612B9764FF14E2676BAFDBE4A22819C BaseClass: NativeClass:/Script/Engine.PostProcessVolume Name:PostProcessVolume_0 Label:PostProcessVolume SpatiallyLoaded:0 Bounds:IsValid=true, Min=(X=0.000 Y=0.000 Z=400.000), Max=(X=200.000 Y=200.000 Z=600.000) RuntimeGrid:None EditorOnly:0 RuntimeOnly:0 HLODRelevant:0 ListedInSceneOutliner:1 IsMainWorldOnly:0 FolderPath:Lighting FolderGuid:963EC3EB4002CCE9759E2EBA541A873A
 |   |   |- Guid:27E0A760486152540841DC8FBB65419C BaseClass: NativeClass:/Script/Landscape.LandscapeStreamingProxy Name:LandscapeStreamingProxy_CPIFHQMH4L4TGX10F8JPC21HU_126_0_0_0 Label:LandscapeStreamingProxy_0_0_0 SpatiallyLoaded:1 Bounds:IsValid=true, Min=(X=-12600.000 Y=-12600.000 Z=-343.281), Max=(X=-6300.000 Y=-6300.000 Z=178.203) RuntimeGrid:None EditorOnly:0 RuntimeOnly:0 HLODRelevant:1 ListedInSceneOutliner:1 IsMainWorldOnly:0
 |   |   |- Guid:2B71686D4290E016BE5EA9AC9ADD216B BaseClass: NativeClass:/Script/Landscape.LandscapeStreamingProxy Name:LandscapeStreamingProxy_CPIFHQMH4L4TGX10F8JPC21HU_126_0_2_0 Label:LandscapeStreamingProxy_0_2_0 SpatiallyLoaded:1 Bounds:IsValid=true, Min=(X=-12600.000 Y=0.000 Z=-347.969), Max=(X=-6300.000 Y=6300.000 Z=1089.531) RuntimeGrid:None EditorOnly:0 RuntimeOnly:0 HLODRelevant:1 ListedInSceneOutliner:1 IsMainWorldOnly:0
 |   |   |- Guid:33FA0FA84DC993C52AF68B89621E5518 BaseClass: NativeClass:/Script/Landscape.LandscapeStreamingProxy Name:LandscapeStreamingProxy_CPIFHQMH4L4TGX10F8JPC21HU_126_2_1_0 Label:LandscapeStreamingProxy_2_1_0 SpatiallyLoaded:1 Bounds:IsValid=true, Min=(X=0.000 Y=-6300.000 Z=-401.094), Max=(X=6300.000 Y=0.000 Z=610.625) RuntimeGrid:None EditorOnly:0 RuntimeOnly:0 HLODRelevant:1 ListedInSceneOutliner:1 IsMainWorldOnly:0
 |   |   |- Guid:3485BC26470C7E85228166A8C158350B BaseClass: NativeClass:/Script/Engine.WorldDataLayers Name:WorldDataLayers Label:WorldDataLayers SpatiallyLoaded:0 Bounds:Invalid RuntimeGrid:None EditorOnly:0 RuntimeOnly:0 HLODRelevant:0 ListedInSceneOutliner:1 IsMainWorldOnly:1
 |   |   |- Guid:42211262495FEEA6A32C889D6414798F BaseClass: NativeClass:/Script/Landscape.LandscapeStreamingProxy Name:LandscapeStreamingProxy_CPIFHQMH4L4TGX10F8JPC21HU_126_3_3_0 Label:LandscapeStreamingProxy_3_3_0 SpatiallyLoaded:1 Bounds:IsValid=true, Min=(X=6300.000 Y=6300.000 Z=-363.594), Max=(X=12600.000 Y=12600.000 Z=386.406) RuntimeGrid:None EditorOnly:0 RuntimeOnly:0 HLODRelevant:1 ListedInSceneOutliner:1 IsMainWorldOnly:0
 |   |   |- Guid:45405FB54BD484502BB02CAEBEA1BF7F BaseClass: NativeClass:/Script/Engine.DirectionalLight Name:DirectionalLight_0 Label:DirectionalLight SpatiallyLoaded:0 Bounds:IsValid=true, Min=(X=-4398046511104.000 Y=-4398046511104.000 Z=-4398046511104.000), Max=(X=4398046511104.000 Y=4398046511104.000 Z=4398046511104.000) RuntimeGrid:None EditorOnly:0 RuntimeOnly:0 HLODRelevant:0 ListedInSceneOutliner:1 IsMainWorldOnly:0 FolderPath:Lighting FolderGuid:963EC3EB4002CCE9759E2EBA541A873A
 |   |   |- Guid:4D2BA9584698D75697B54FAF504CACC2 BaseClass: NativeClass:/Script/Landscape.LandscapeStreamingProxy Name:LandscapeStreamingProxy_CPIFHQMH4L4TGX10F8JPC21HU_126_2_2_0 Label:LandscapeStreamingProxy_2_2_0 SpatiallyLoaded:1 Bounds:IsValid=true, Min=(X=0.000 Y=0.000 Z=-371.016), Max=(X=6300.000 Y=6300.000 Z=204.375) RuntimeGrid:None EditorOnly:0 RuntimeOnly:0 HLODRelevant:1 ListedInSceneOutliner:1 IsMainWorldOnly:0
 |   |   |- Guid:4EC2E1F940C67422703A64B4BED66B08 BaseClass: NativeClass:/Script/Landscape.LandscapeStreamingProxy Name:LandscapeStreamingProxy_CPIFHQMH4L4TGX10F8JPC21HU_126_2_0_0 Label:LandscapeStreamingProxy_2_0_0 SpatiallyLoaded:1 Bounds:IsValid=true, Min=(X=0.000 Y=-12600.000 Z=-334.688), Max=(X=6300.000 Y=-6300.000 Z=1744.219) RuntimeGrid:None EditorOnly:0 RuntimeOnly:0 HLODRelevant:1 ListedInSceneOutliner:1 IsMainWorldOnly:0
 |   |   |- Guid:57869CFD41788119F57CA6A3F753A036 BaseClass: NativeClass:/Script/Engine.SkyAtmosphere Name:SkyAtmosphere_0 Label:SkyAtmosphere SpatiallyLoaded:0 Bounds:IsValid=true, Min=(X=0.000 Y=0.000 Z=1020.000), Max=(X=0.000 Y=0.000 Z=1020.000) RuntimeGrid:None EditorOnly:0 RuntimeOnly:0 HLODRelevant:0 ListedInSceneOutliner:1 IsMainWorldOnly:0 FolderPath:Lighting FolderGuid:963EC3EB4002CCE9759E2EBA541A873A
 |   |   |- Guid:588128B4493DC2364C3140B21AC9445A BaseClass: NativeClass:/Script/Landscape.LandscapeStreamingProxy Name:LandscapeStreamingProxy_CPIFHQMH4L4TGX10F8JPC21HU_126_3_2_0 Label:LandscapeStreamingProxy_3_2_0 SpatiallyLoaded:1 Bounds:IsValid=true, Min=(X=6300.000 Y=0.000 Z=-362.422), Max=(X=12600.000 Y=6300.000 Z=471.172) RuntimeGrid:None EditorOnly:0 RuntimeOnly:0 HLODRelevant:1 ListedInSceneOutliner:1 IsMainWorldOnly:0
 |   |   |- Guid:5A2368F54445F444ABAE1CB212BB9A18 BaseClass: NativeClass:/Script/Engine.StaticMeshActor Name:StaticMeshActor_UAID_00FF710A957565ED01_1872222208 Label:Cube2 SpatiallyLoaded:1 Bounds:IsValid=true, Min=(X=100.000 Y=3030.000 Z=750.000), Max=(X=200.000 Y=3130.000 Z=850.000) RuntimeGrid:None EditorOnly:0 RuntimeOnly:0 HLODRelevant:1 ListedInSceneOutliner:1 IsMainWorldOnly:0
 |   |   |- Guid:5E6E5B574D159528383CB3A13DED8E15 BaseClass: NativeClass:/Script/Landscape.LandscapeStreamingProxy Name:LandscapeStreamingProxy_CPIFHQMH4L4TGX10F8JPC21HU_126_1_3_0 Label:LandscapeStreamingProxy_1_3_0 SpatiallyLoaded:1 Bounds:IsValid=true, Min=(X=-6300.000 Y=6300.000 Z=-483.125), Max=(X=0.000 Y=12600.000 Z=544.609) RuntimeGrid:None EditorOnly:0 RuntimeOnly:0 HLODRelevant:1 ListedInSceneOutliner:1 IsMainWorldOnly:0
 |   |   |- Guid:643E84E64EDC89EAA5A9F68E3D923A4C BaseClass: NativeClass:/Script/Landscape.LandscapeStreamingProxy Name:LandscapeStreamingProxy_CPIFHQMH4L4TGX10F8JPC21HU_126_1_2_0 Label:LandscapeStreamingProxy_1_2_0 SpatiallyLoaded:1 Bounds:IsValid=true, Min=(X=-6300.000 Y=0.000 Z=-436.641), Max=(X=0.000 Y=6300.000 Z=412.188) RuntimeGrid:None EditorOnly:0 RuntimeOnly:0 HLODRelevant:1 ListedInSceneOutliner:1 IsMainWorldOnly:0
 |   |   |- Guid:67E1307041C63172D9F7A6A185FA50A1 BaseClass: NativeClass:/Script/Engine.StaticMeshActor Name:StaticMeshActor_UAID_00FF710A957554ED01_1647520216 Label:Plane SpatiallyLoaded:1 Bounds:IsValid=true, Min=(X=-1720.000 Y=-6252.500 Z=-320.000), Max=(X=180.000 Y=-2727.500 Z=-320.000) RuntimeGrid:None EditorOnly:0 RuntimeOnly:0 HLODRelevant:1 ListedInSceneOutliner:1 IsMainWorldOnly:0
 |   |   |- Guid:7006834643BE26F0BCCF99A66E811E68 BaseClass: NativeClass:/Script/Landscape.Landscape Name:Landscape_UAID_00FF710A957553ED01_1963184039 Label:Landscape SpatiallyLoaded:0 Bounds:IsValid=true, Min=(X=-12600.000 Y=-12600.000 Z=-330.000), Max=(X=-12600.000 Y=-12600.000 Z=-330.000) RuntimeGrid:None EditorOnly:0 RuntimeOnly:0 HLODRelevant:0 ListedInSceneOutliner:1 IsMainWorldOnly:0
 |   |   |- Guid:7236ACF64C2DE8D10E1032AF95DA2A75 BaseClass: NativeClass:/Script/Landscape.LandscapeStreamingProxy Name:LandscapeStreamingProxy_CPIFHQMH4L4TGX10F8JPC21HU_126_0_3_0 Label:LandscapeStreamingProxy_0_3_0 SpatiallyLoaded:1 Bounds:IsValid=true, Min=(X=-12600.000 Y=6300.000 Z=-481.953), Max=(X=-6300.000 Y=12600.000 Z=487.188) RuntimeGrid:None EditorOnly:0 RuntimeOnly:0 HLODRelevant:1 ListedInSceneOutliner:1 IsMainWorldOnly:0
 |   |   |- Guid:7C13655E438F5E7BA9397083A48E1BBB BaseClass: NativeClass:/Script/Engine.SkyLight Name:SkyLight_1 Label:SkyLight SpatiallyLoaded:0 Bounds:IsValid=true, Min=(X=0.000 Y=0.000 Z=690.000), Max=(X=0.000 Y=0.000 Z=690.000) RuntimeGrid:None EditorOnly:0 RuntimeOnly:0 HLODRelevant:0 ListedInSceneOutliner:1 IsMainWorldOnly:0 FolderPath:Lighting FolderGuid:963EC3EB4002CCE9759E2EBA541A873A
 |   |   |- Guid:7C48D0914250560B6089B285C14E8CBA BaseClass: NativeClass:/Script/Landscape.LandscapeStreamingProxy Name:LandscapeStreamingProxy_CPIFHQMH4L4TGX10F8JPC21HU_126_3_0_0 Label:LandscapeStreamingProxy_3_0_0 SpatiallyLoaded:1 Bounds:IsValid=true, Min=(X=6300.000 Y=-12600.000 Z=-332.734), Max=(X=12600.000 Y=-6300.000 Z=161.406) RuntimeGrid:None EditorOnly:0 RuntimeOnly:0 HLODRelevant:1 ListedInSceneOutliner:1 IsMainWorldOnly:0
 |   |   |- Guid:884F378D41164DFA5ABD12ACE4315027 BaseClass: NativeClass:/Script/Engine.ExponentialHeightFog Name:ExponentialHeightFog_0 Label:ExponentialHeightFog SpatiallyLoaded:0 Bounds:IsValid=true, Min=(X=-5600.000 Y=-50.000 Z=-6850.000), Max=(X=-5600.000 Y=-50.000 Z=-6850.000) RuntimeGrid:None EditorOnly:0 RuntimeOnly:0 HLODRelevant:0 ListedInSceneOutliner:1 IsMainWorldOnly:0 FolderPath:Lighting FolderGuid:963EC3EB4002CCE9759E2EBA541A873A
 |   |   |- Guid:9C0FF35C4880CF9F2155F2BBAC0FAEB8 BaseClass: NativeClass:/Script/Landscape.LandscapeStreamingProxy Name:LandscapeStreamingProxy_CPIFHQMH4L4TGX10F8JPC21HU_126_1_1_0 Label:LandscapeStreamingProxy_1_1_0 SpatiallyLoaded:1 Bounds:IsValid=true, Min=(X=-6300.000 Y=-6300.000 Z=-366.719), Max=(X=0.000 Y=0.000 Z=895.391) RuntimeGrid:None EditorOnly:0 RuntimeOnly:0 HLODRelevant:1 ListedInSceneOutliner:1 IsMainWorldOnly:0
 |   |   |- Guid:B7942C744863080880D669845FD1B420 BaseClass: NativeClass:/Script/Landscape.LandscapeStreamingProxy Name:LandscapeStreamingProxy_CPIFHQMH4L4TGX10F8JPC21HU_126_0_1_0 Label:LandscapeStreamingProxy_0_1_0 SpatiallyLoaded:1 Bounds:IsValid=true, Min=(X=-12600.000 Y=-6300.000 Z=-385.859), Max=(X=-6300.000 Y=0.000 Z=188.359) RuntimeGrid:None EditorOnly:0 RuntimeOnly:0 HLODRelevant:1 ListedInSceneOutliner:1 IsMainWorldOnly:0
 |   |   |- Guid:C29A58D544A0B380641D7EB8859115BC BaseClass: NativeClass:/Script/Landscape.LandscapeStreamingProxy Name:LandscapeStreamingProxy_CPIFHQMH4L4TGX10F8JPC21HU_126_2_3_0 Label:LandscapeStreamingProxy_2_3_0 SpatiallyLoaded:1 Bounds:IsValid=true, Min=(X=0.000 Y=6300.000 Z=-339.766), Max=(X=6300.000 Y=12600.000 Z=479.375) RuntimeGrid:None EditorOnly:0 RuntimeOnly:0 HLODRelevant:1 ListedInSceneOutliner:1 IsMainWorldOnly:0
 |   |   |- Guid:D5CFB77A4202EBFB96192586107E6CA6 BaseClass: NativeClass:/Script/Engine.PlayerStart Name:PlayerStart_0 Label:PlayerStart SpatiallyLoaded:0 Bounds:IsValid=true, Min=(X=860.000 Y=1070.000 Z=0.013), Max=(X=940.000 Y=1150.000 Z=184.013) RuntimeGrid:None EditorOnly:0 RuntimeOnly:0 HLODRelevant:0 ListedInSceneOutliner:1 IsMainWorldOnly:0
 |   |   |- Guid:DAC04BB740DB00B503445BBD6F0D5308 BaseClass: NativeClass:/Script/Engine.StaticMeshActor Name:StaticMeshActor_UAID_A4AE111137DC5EFB00_1110535423 Label:SM_SkySphere SpatiallyLoaded:0 Bounds:IsValid=true, Min=(X=-1638400.000 Y=-1641472.000 Z=-1638400.000), Max=(X=1638400.000 Y=1641472.000 Z=1638400.000) RuntimeGrid:None EditorOnly:0 RuntimeOnly:0 HLODRelevant:1 ListedInSceneOutliner:1 IsMainWorldOnly:0 FolderPath:Lighting FolderGuid:963EC3EB4002CCE9759E2EBA541A873A
 |   |   |- Guid:E111E82C4BD958EE44409A88655FA156 BaseClass: NativeClass:/Script/Engine.StaticMeshActor Name:StaticMeshActor_UAID_84144D0F1E542AEB01_1586721713 Label:HutRoof_small SpatiallyLoaded:1 Bounds:IsValid=true, Min=(X=1190.084 Y=1674.432 Z=303.559), Max=(X=1572.896 Y=2045.568 Z=542.657) RuntimeGrid:None EditorOnly:0 RuntimeOnly:0 HLODRelevant:1 ListedInSceneOutliner:1 IsMainWorldOnly:0
 |   |   |- Guid:E6764DB14A3956B6CA22EFB4E9577C37 BaseClass: NativeClass:/Script/Landscape.LandscapeStreamingProxy Name:LandscapeStreamingProxy_CPIFHQMH4L4TGX10F8JPC21HU_126_3_1_0 Label:LandscapeStreamingProxy_3_1_0 SpatiallyLoaded:1 Bounds:IsValid=true, Min=(X=6300.000 Y=-6300.000 Z=-466.328), Max=(X=12600.000 Y=0.000 Z=277.031) RuntimeGrid:None EditorOnly:0 RuntimeOnly:0 HLODRelevant:1 ListedInSceneOutliner:1 IsMainWorldOnly:0
 |   |   |- Guid:FB6A6F864FDDBB27A9B68EB2CD3A853E BaseClass: NativeClass:/Script/Engine.TextRenderActor Name:TextRenderActor_1 Label:TextRenderActor SpatiallyLoaded:1 Bounds:IsValid=true, Min=(X=-0.100 Y=1100.000 Z=65.013), Max=(X=-0.100 Y=2392.308 Z=215.013) RuntimeGrid:None EditorOnly:0 RuntimeOnly:0 HLODRelevant:0 ListedInSceneOutliner:1 IsMainWorldOnly:0
 |   |- [+] Clusters:
 |   |   |- [+] [  0]
 |   |   |   |- Guid:075227EC445ABB2A89262C8432BF3BC6 BaseClass: NativeClass:/Script/Engine.VolumetricCloud Name:VolumetricCloud_0 Label:VolumetricCloud SpatiallyLoaded:0 Bounds:IsValid=true, Min=(X=0.000 Y=0.000 Z=820.000), Max=(X=0.000 Y=0.000 Z=820.000) RuntimeGrid:None EditorOnly:0 RuntimeOnly:0 HLODRelevant:0 ListedInSceneOutliner:1 IsMainWorldOnly:0 FolderPath:Lighting FolderGuid:963EC3EB4002CCE9759E2EBA541A873A
 |   |   |- [+] [  1]
 |   |   |   |- Guid:0E0006914BC578DC9AEAECB72B0B16D5 BaseClass: NativeClass:/Script/Engine.StaticMeshActor Name:StaticMeshActor_UAID_00FF710A957565ED01_1871315207 Label:Cube SpatiallyLoaded:1 Bounds:IsValid=true, Min=(X=-120.000 Y=3030.000 Z=750.000), Max=(X=-20.000 Y=3130.000 Z=850.000) RuntimeGrid:None EditorOnly:0 RuntimeOnly:0 HLODRelevant:1 ListedInSceneOutliner:1 IsMainWorldOnly:0
 |   |   |- [+] [  2]
 |   |   |   |- Guid:194E7E794311D9CCECE5EB9044AE0D3F BaseClass: NativeClass:/Script/Landscape.LandscapeStreamingProxy Name:LandscapeStreamingProxy_CPIFHQMH4L4TGX10F8JPC21HU_126_1_0_0 Label:LandscapeStreamingProxy_1_0_0 SpatiallyLoaded:1 Bounds:IsValid=true, Min=(X=-6300.000 Y=-12600.000 Z=-387.031), Max=(X=0.000 Y=-6300.000 Z=1342.266) RuntimeGrid:None EditorOnly:0 RuntimeOnly:0 HLODRelevant:1 ListedInSceneOutliner:1 IsMainWorldOnly:0
 |   |   |- [+] [  3]
 |   |   |   |- Guid:2612B9764FF14E2676BAFDBE4A22819C BaseClass: NativeClass:/Script/Engine.PostProcessVolume Name:PostProcessVolume_0 Label:PostProcessVolume SpatiallyLoaded:0 Bounds:IsValid=true, Min=(X=0.000 Y=0.000 Z=400.000), Max=(X=200.000 Y=200.000 Z=600.000) RuntimeGrid:None EditorOnly:0 RuntimeOnly:0 HLODRelevant:0 ListedInSceneOutliner:1 IsMainWorldOnly:0 FolderPath:Lighting FolderGuid:963EC3EB4002CCE9759E2EBA541A873A
 |   |   |- [+] [  4]
 |   |   |   |- Guid:27E0A760486152540841DC8FBB65419C BaseClass: NativeClass:/Script/Landscape.LandscapeStreamingProxy Name:LandscapeStreamingProxy_CPIFHQMH4L4TGX10F8JPC21HU_126_0_0_0 Label:LandscapeStreamingProxy_0_0_0 SpatiallyLoaded:1 Bounds:IsValid=true, Min=(X=-12600.000 Y=-12600.000 Z=-343.281), Max=(X=-6300.000 Y=-6300.000 Z=178.203) RuntimeGrid:None EditorOnly:0 RuntimeOnly:0 HLODRelevant:1 ListedInSceneOutliner:1 IsMainWorldOnly:0
 |   |   |- [+] [  5]
 |   |   |   |- Guid:2B71686D4290E016BE5EA9AC9ADD216B BaseClass: NativeClass:/Script/Landscape.LandscapeStreamingProxy Name:LandscapeStreamingProxy_CPIFHQMH4L4TGX10F8JPC21HU_126_0_2_0 Label:LandscapeStreamingProxy_0_2_0 SpatiallyLoaded:1 Bounds:IsValid=true, Min=(X=-12600.000 Y=0.000 Z=-347.969), Max=(X=-6300.000 Y=6300.000 Z=1089.531) RuntimeGrid:None EditorOnly:0 RuntimeOnly:0 HLODRelevant:1 ListedInSceneOutliner:1 IsMainWorldOnly:0
 |   |   |- [+] [  6]
 |   |   |   |- Guid:33FA0FA84DC993C52AF68B89621E5518 BaseClass: NativeClass:/Script/Landscape.LandscapeStreamingProxy Name:LandscapeStreamingProxy_CPIFHQMH4L4TGX10F8JPC21HU_126_2_1_0 Label:LandscapeStreamingProxy_2_1_0 SpatiallyLoaded:1 Bounds:IsValid=true, Min=(X=0.000 Y=-6300.000 Z=-401.094), Max=(X=6300.000 Y=0.000 Z=610.625) RuntimeGrid:None EditorOnly:0 RuntimeOnly:0 HLODRelevant:1 ListedInSceneOutliner:1 IsMainWorldOnly:0
 |   |   |- [+] [  7]
 |   |   |   |- Guid:3485BC26470C7E85228166A8C158350B BaseClass: NativeClass:/Script/Engine.WorldDataLayers Name:WorldDataLayers Label:WorldDataLayers SpatiallyLoaded:0 Bounds:Invalid RuntimeGrid:None EditorOnly:0 RuntimeOnly:0 HLODRelevant:0 ListedInSceneOutliner:1 IsMainWorldOnly:1
 |   |   |- [+] [  8]
 |   |   |   |- Guid:42211262495FEEA6A32C889D6414798F BaseClass: NativeClass:/Script/Landscape.LandscapeStreamingProxy Name:LandscapeStreamingProxy_CPIFHQMH4L4TGX10F8JPC21HU_126_3_3_0 Label:LandscapeStreamingProxy_3_3_0 SpatiallyLoaded:1 Bounds:IsValid=true, Min=(X=6300.000 Y=6300.000 Z=-363.594), Max=(X=12600.000 Y=12600.000 Z=386.406) RuntimeGrid:None EditorOnly:0 RuntimeOnly:0 HLODRelevant:1 ListedInSceneOutliner:1 IsMainWorldOnly:0
 |   |   |- [+] [  9]
 |   |   |   |- Guid:45405FB54BD484502BB02CAEBEA1BF7F BaseClass: NativeClass:/Script/Engine.DirectionalLight Name:DirectionalLight_0 Label:DirectionalLight SpatiallyLoaded:0 Bounds:IsValid=true, Min=(X=-4398046511104.000 Y=-4398046511104.000 Z=-4398046511104.000), Max=(X=4398046511104.000 Y=4398046511104.000 Z=4398046511104.000) RuntimeGrid:None EditorOnly:0 RuntimeOnly:0 HLODRelevant:0 ListedInSceneOutliner:1 IsMainWorldOnly:0 FolderPath:Lighting FolderGuid:963EC3EB4002CCE9759E2EBA541A873A
 |   |   |- [+] [ 10]
 |   |   |   |- Guid:4D2BA9584698D75697B54FAF504CACC2 BaseClass: NativeClass:/Script/Landscape.LandscapeStreamingProxy Name:LandscapeStreamingProxy_CPIFHQMH4L4TGX10F8JPC21HU_126_2_2_0 Label:LandscapeStreamingProxy_2_2_0 SpatiallyLoaded:1 Bounds:IsValid=true, Min=(X=0.000 Y=0.000 Z=-371.016), Max=(X=6300.000 Y=6300.000 Z=204.375) RuntimeGrid:None EditorOnly:0 RuntimeOnly:0 HLODRelevant:1 ListedInSceneOutliner:1 IsMainWorldOnly:0
 |   |   |- [+] [ 11]
 |   |   |   |- Guid:4EC2E1F940C67422703A64B4BED66B08 BaseClass: NativeClass:/Script/Landscape.LandscapeStreamingProxy Name:LandscapeStreamingProxy_CPIFHQMH4L4TGX10F8JPC21HU_126_2_0_0 Label:LandscapeStreamingProxy_2_0_0 SpatiallyLoaded:1 Bounds:IsValid=true, Min=(X=0.000 Y=-12600.000 Z=-334.688), Max=(X=6300.000 Y=-6300.000 Z=1744.219) RuntimeGrid:None EditorOnly:0 RuntimeOnly:0 HLODRelevant:1 ListedInSceneOutliner:1 IsMainWorldOnly:0
 |   |   |- [+] [ 12]
 |   |   |   |- Guid:57869CFD41788119F57CA6A3F753A036 BaseClass: NativeClass:/Script/Engine.SkyAtmosphere Name:SkyAtmosphere_0 Label:SkyAtmosphere SpatiallyLoaded:0 Bounds:IsValid=true, Min=(X=0.000 Y=0.000 Z=1020.000), Max=(X=0.000 Y=0.000 Z=1020.000) RuntimeGrid:None EditorOnly:0 RuntimeOnly:0 HLODRelevant:0 ListedInSceneOutliner:1 IsMainWorldOnly:0 FolderPath:Lighting FolderGuid:963EC3EB4002CCE9759E2EBA541A873A
 |   |   |- [+] [ 13]
 |   |   |   |- Guid:588128B4493DC2364C3140B21AC9445A BaseClass: NativeClass:/Script/Landscape.LandscapeStreamingProxy Name:LandscapeStreamingProxy_CPIFHQMH4L4TGX10F8JPC21HU_126_3_2_0 Label:LandscapeStreamingProxy_3_2_0 SpatiallyLoaded:1 Bounds:IsValid=true, Min=(X=6300.000 Y=0.000 Z=-362.422), Max=(X=12600.000 Y=6300.000 Z=471.172) RuntimeGrid:None EditorOnly:0 RuntimeOnly:0 HLODRelevant:1 ListedInSceneOutliner:1 IsMainWorldOnly:0
 |   |   |- [+] [ 14]
 |   |   |   |- Guid:5A2368F54445F444ABAE1CB212BB9A18 BaseClass: NativeClass:/Script/Engine.StaticMeshActor Name:StaticMeshActor_UAID_00FF710A957565ED01_1872222208 Label:Cube2 SpatiallyLoaded:1 Bounds:IsValid=true, Min=(X=100.000 Y=3030.000 Z=750.000), Max=(X=200.000 Y=3130.000 Z=850.000) RuntimeGrid:None EditorOnly:0 RuntimeOnly:0 HLODRelevant:1 ListedInSceneOutliner:1 IsMainWorldOnly:0
 |   |   |- [+] [ 15]
 |   |   |   |- Guid:5E6E5B574D159528383CB3A13DED8E15 BaseClass: NativeClass:/Script/Landscape.LandscapeStreamingProxy Name:LandscapeStreamingProxy_CPIFHQMH4L4TGX10F8JPC21HU_126_1_3_0 Label:LandscapeStreamingProxy_1_3_0 SpatiallyLoaded:1 Bounds:IsValid=true, Min=(X=-6300.000 Y=6300.000 Z=-483.125), Max=(X=0.000 Y=12600.000 Z=544.609) RuntimeGrid:None EditorOnly:0 RuntimeOnly:0 HLODRelevant:1 ListedInSceneOutliner:1 IsMainWorldOnly:0
 |   |   |- [+] [ 16]
 |   |   |   |- Guid:643E84E64EDC89EAA5A9F68E3D923A4C BaseClass: NativeClass:/Script/Landscape.LandscapeStreamingProxy Name:LandscapeStreamingProxy_CPIFHQMH4L4TGX10F8JPC21HU_126_1_2_0 Label:LandscapeStreamingProxy_1_2_0 SpatiallyLoaded:1 Bounds:IsValid=true, Min=(X=-6300.000 Y=0.000 Z=-436.641), Max=(X=0.000 Y=6300.000 Z=412.188) RuntimeGrid:None EditorOnly:0 RuntimeOnly:0 HLODRelevant:1 ListedInSceneOutliner:1 IsMainWorldOnly:0
 |   |   |- [+] [ 17]
 |   |   |   |- Guid:67E1307041C63172D9F7A6A185FA50A1 BaseClass: NativeClass:/Script/Engine.StaticMeshActor Name:StaticMeshActor_UAID_00FF710A957554ED01_1647520216 Label:Plane SpatiallyLoaded:1 Bounds:IsValid=true, Min=(X=-1720.000 Y=-6252.500 Z=-320.000), Max=(X=180.000 Y=-2727.500 Z=-320.000) RuntimeGrid:None EditorOnly:0 RuntimeOnly:0 HLODRelevant:1 ListedInSceneOutliner:1 IsMainWorldOnly:0
 |   |   |- [+] [ 18]
 |   |   |   |- Guid:7006834643BE26F0BCCF99A66E811E68 BaseClass: NativeClass:/Script/Landscape.Landscape Name:Landscape_UAID_00FF710A957553ED01_1963184039 Label:Landscape SpatiallyLoaded:0 Bounds:IsValid=true, Min=(X=-12600.000 Y=-12600.000 Z=-330.000), Max=(X=-12600.000 Y=-12600.000 Z=-330.000) RuntimeGrid:None EditorOnly:0 RuntimeOnly:0 HLODRelevant:0 ListedInSceneOutliner:1 IsMainWorldOnly:0
 |   |   |- [+] [ 19]
 |   |   |   |- Guid:7236ACF64C2DE8D10E1032AF95DA2A75 BaseClass: NativeClass:/Script/Landscape.LandscapeStreamingProxy Name:LandscapeStreamingProxy_CPIFHQMH4L4TGX10F8JPC21HU_126_0_3_0 Label:LandscapeStreamingProxy_0_3_0 SpatiallyLoaded:1 Bounds:IsValid=true, Min=(X=-12600.000 Y=6300.000 Z=-481.953), Max=(X=-6300.000 Y=12600.000 Z=487.188) RuntimeGrid:None EditorOnly:0 RuntimeOnly:0 HLODRelevant:1 ListedInSceneOutliner:1 IsMainWorldOnly:0
 |   |   |- [+] [ 20]
 |   |   |   |- Guid:7C13655E438F5E7BA9397083A48E1BBB BaseClass: NativeClass:/Script/Engine.SkyLight Name:SkyLight_1 Label:SkyLight SpatiallyLoaded:0 Bounds:IsValid=true, Min=(X=0.000 Y=0.000 Z=690.000), Max=(X=0.000 Y=0.000 Z=690.000) RuntimeGrid:None EditorOnly:0 RuntimeOnly:0 HLODRelevant:0 ListedInSceneOutliner:1 IsMainWorldOnly:0 FolderPath:Lighting FolderGuid:963EC3EB4002CCE9759E2EBA541A873A
 |   |   |- [+] [ 21]
 |   |   |   |- Guid:7C48D0914250560B6089B285C14E8CBA BaseClass: NativeClass:/Script/Landscape.LandscapeStreamingProxy Name:LandscapeStreamingProxy_CPIFHQMH4L4TGX10F8JPC21HU_126_3_0_0 Label:LandscapeStreamingProxy_3_0_0 SpatiallyLoaded:1 Bounds:IsValid=true, Min=(X=6300.000 Y=-12600.000 Z=-332.734), Max=(X=12600.000 Y=-6300.000 Z=161.406) RuntimeGrid:None EditorOnly:0 RuntimeOnly:0 HLODRelevant:1 ListedInSceneOutliner:1 IsMainWorldOnly:0
 |   |   |- [+] [ 22]
 |   |   |   |- Guid:884F378D41164DFA5ABD12ACE4315027 BaseClass: NativeClass:/Script/Engine.ExponentialHeightFog Name:ExponentialHeightFog_0 Label:ExponentialHeightFog SpatiallyLoaded:0 Bounds:IsValid=true, Min=(X=-5600.000 Y=-50.000 Z=-6850.000), Max=(X=-5600.000 Y=-50.000 Z=-6850.000) RuntimeGrid:None EditorOnly:0 RuntimeOnly:0 HLODRelevant:0 ListedInSceneOutliner:1 IsMainWorldOnly:0 FolderPath:Lighting FolderGuid:963EC3EB4002CCE9759E2EBA541A873A
 |   |   |- [+] [ 23]
 |   |   |   |- Guid:9C0FF35C4880CF9F2155F2BBAC0FAEB8 BaseClass: NativeClass:/Script/Landscape.LandscapeStreamingProxy Name:LandscapeStreamingProxy_CPIFHQMH4L4TGX10F8JPC21HU_126_1_1_0 Label:LandscapeStreamingProxy_1_1_0 SpatiallyLoaded:1 Bounds:IsValid=true, Min=(X=-6300.000 Y=-6300.000 Z=-366.719), Max=(X=0.000 Y=0.000 Z=895.391) RuntimeGrid:None EditorOnly:0 RuntimeOnly:0 HLODRelevant:1 ListedInSceneOutliner:1 IsMainWorldOnly:0
 |   |   |- [+] [ 24]
 |   |   |   |- Guid:B7942C744863080880D669845FD1B420 BaseClass: NativeClass:/Script/Landscape.LandscapeStreamingProxy Name:LandscapeStreamingProxy_CPIFHQMH4L4TGX10F8JPC21HU_126_0_1_0 Label:LandscapeStreamingProxy_0_1_0 SpatiallyLoaded:1 Bounds:IsValid=true, Min=(X=-12600.000 Y=-6300.000 Z=-385.859), Max=(X=-6300.000 Y=0.000 Z=188.359) RuntimeGrid:None EditorOnly:0 RuntimeOnly:0 HLODRelevant:1 ListedInSceneOutliner:1 IsMainWorldOnly:0
 |   |   |- [+] [ 25]
 |   |   |   |- Guid:C29A58D544A0B380641D7EB8859115BC BaseClass: NativeClass:/Script/Landscape.LandscapeStreamingProxy Name:LandscapeStreamingProxy_CPIFHQMH4L4TGX10F8JPC21HU_126_2_3_0 Label:LandscapeStreamingProxy_2_3_0 SpatiallyLoaded:1 Bounds:IsValid=true, Min=(X=0.000 Y=6300.000 Z=-339.766), Max=(X=6300.000 Y=12600.000 Z=479.375) RuntimeGrid:None EditorOnly:0 RuntimeOnly:0 HLODRelevant:1 ListedInSceneOutliner:1 IsMainWorldOnly:0
 |   |   |- [+] [ 26]
 |   |   |   |- Guid:D5CFB77A4202EBFB96192586107E6CA6 BaseClass: NativeClass:/Script/Engine.PlayerStart Name:PlayerStart_0 Label:PlayerStart SpatiallyLoaded:0 Bounds:IsValid=true, Min=(X=860.000 Y=1070.000 Z=0.013), Max=(X=940.000 Y=1150.000 Z=184.013) RuntimeGrid:None EditorOnly:0 RuntimeOnly:0 HLODRelevant:0 ListedInSceneOutliner:1 IsMainWorldOnly:0
 |   |   |- [+] [ 27]
 |   |   |   |- Guid:DAC04BB740DB00B503445BBD6F0D5308 BaseClass: NativeClass:/Script/Engine.StaticMeshActor Name:StaticMeshActor_UAID_A4AE111137DC5EFB00_1110535423 Label:SM_SkySphere SpatiallyLoaded:0 Bounds:IsValid=true, Min=(X=-1638400.000 Y=-1641472.000 Z=-1638400.000), Max=(X=1638400.000 Y=1641472.000 Z=1638400.000) RuntimeGrid:None EditorOnly:0 RuntimeOnly:0 HLODRelevant:1 ListedInSceneOutliner:1 IsMainWorldOnly:0 FolderPath:Lighting FolderGuid:963EC3EB4002CCE9759E2EBA541A873A
 |   |   |- [+] [ 28]
 |   |   |   |- Guid:E111E82C4BD958EE44409A88655FA156 BaseClass: NativeClass:/Script/Engine.StaticMeshActor Name:StaticMeshActor_UAID_84144D0F1E542AEB01_1586721713 Label:HutRoof_small SpatiallyLoaded:1 Bounds:IsValid=true, Min=(X=1190.084 Y=1674.432 Z=303.559), Max=(X=1572.896 Y=2045.568 Z=542.657) RuntimeGrid:None EditorOnly:0 RuntimeOnly:0 HLODRelevant:1 ListedInSceneOutliner:1 IsMainWorldOnly:0
 |   |   |- [+] [ 29]
 |   |   |   |- Guid:E6764DB14A3956B6CA22EFB4E9577C37 BaseClass: NativeClass:/Script/Landscape.LandscapeStreamingProxy Name:LandscapeStreamingProxy_CPIFHQMH4L4TGX10F8JPC21HU_126_3_1_0 Label:LandscapeStreamingProxy_3_1_0 SpatiallyLoaded:1 Bounds:IsValid=true, Min=(X=6300.000 Y=-6300.000 Z=-466.328), Max=(X=12600.000 Y=0.000 Z=277.031) RuntimeGrid:None EditorOnly:0 RuntimeOnly:0 HLODRelevant:1 ListedInSceneOutliner:1 IsMainWorldOnly:0
 |   |   |- [+] [ 30]
 |   |   |   |- Guid:FB6A6F864FDDBB27A9B68EB2CD3A853E BaseClass: NativeClass:/Script/Engine.TextRenderActor Name:TextRenderActor_1 Label:TextRenderActor SpatiallyLoaded:1 Bounds:IsValid=true, Min=(X=-0.100 Y=1100.000 Z=65.013), Max=(X=-0.100 Y=2392.308 Z=215.013) RuntimeGrid:None EditorOnly:0 RuntimeOnly:0 HLODRelevant:0 ListedInSceneOutliner:1 IsMainWorldOnly:0
 |- ContainerInstances:
 |- [+] MainContainer:
 |   |-        ID: 00000000000000000000000000000000
 |   |-  ParentID: 00000000000000000000000000000000
 |   |-    Bounds: IsValid=false, Min=(X=0.000 Y=0.000 Z=0.000), Max=(X=0.000 Y=0.000 Z=0.000)
 |   |- Transform: 0.000000,0.000000,0.000000|0.000000,0.000000,-0.000000|1.000000,1.000000,1.000000
 |   |- Container: /Game/Testing_Ground/Kurt/Kurt_Playground
----------------------------------------------------------------------------------------------------------------
Kurt_Playground - Persistent Level
----------------------------------------------------------------------------------------------------------------
[+] Content of Kurt_Playground Persistent Level
 |- Always loaded Actor Count: 38 
 |- Actor Path: /Game/Testing_Ground/Kurt/Kurt_Playground.Kurt_Playground:PersistentLevel.AbstractNavData-Default
 |- Actor Package: /Game/Testing_Ground/Kurt/Kurt_Playground
 |- Actor Path: /Game/Testing_Ground/Kurt/Kurt_Playground.Kurt_Playground:PersistentLevel.Brush_0
 |- Actor Package: /Game/Testing_Ground/Kurt/Kurt_Playground
 |- Actor Path: /Game/Testing_Ground/Kurt/Kurt_Playground.Kurt_Playground:PersistentLevel.DefaultPhysicsVolume_0
 |- Actor Package: /Game/Testing_Ground/Kurt/Kurt_Playground
 |- Actor Path: /Game/Testing_Ground/Kurt/Kurt_Playground.Kurt_Playground:PersistentLevel.DirectionalLight_0
 |- Actor Package: /Game/__ExternalActors__/Testing_Ground/Kurt/Kurt_Playground/3/AK/1XAHEWPQALAANPN6H82C75
 |- Actor Path: /Game/Testing_Ground/Kurt/Kurt_Playground.Kurt_Playground:PersistentLevel.ExponentialHeightFog_0
 |- Actor Package: /Game/__ExternalActors__/Testing_Ground/Kurt/Kurt_Playground/D/QA/GOKTGAY0LHYOK7AB285A6M
 |- Actor Path: /Game/Testing_Ground/Kurt/Kurt_Playground.Kurt_Playground:PersistentLevel.GameplayDebuggerPlayerManager_0
 |- Actor Package: /Game/Testing_Ground/Kurt/Kurt_Playground
 |- Actor Path: /Game/Testing_Ground/Kurt/Kurt_Playground.Kurt_Playground:PersistentLevel.Landscape_UAID_00FF710A957553ED01_1963184039
 |- Actor Package: /Game/__ExternalActors__/Testing_Ground/Kurt/Kurt_Playground/E/80/GL0GQPD8LOI2OTRTSFNGL0
 |- Actor Path: /Game/Testing_Ground/Kurt/Kurt_Playground.Kurt_Playground:PersistentLevel.LandscapeStreamingProxy_CPIFHQMH4L4TGX10F8JPC21HU_126_0_0_0
 |- Actor Package: /Game/__ExternalActors__/Testing_Ground/Kurt/Kurt_Playground/A/ZA/NLYUXZYGAI6YBRUZGHQ5SI
 |- Actor Path: /Game/Testing_Ground/Kurt/Kurt_Playground.Kurt_Playground:PersistentLevel.LandscapeStreamingProxy_CPIFHQMH4L4TGX10F8JPC21HU_126_0_1_0
 |- Actor Package: /Game/__ExternalActors__/Testing_Ground/Kurt/Kurt_Playground/2/2Q/A6DMZDNE7CI4Q6M2C2DXAS
 |- Actor Path: /Game/Testing_Ground/Kurt/Kurt_Playground.Kurt_Playground:PersistentLevel.LandscapeStreamingProxy_CPIFHQMH4L4TGX10F8JPC21HU_126_0_2_0
 |- Actor Package: /Game/__ExternalActors__/Testing_Ground/Kurt/Kurt_Playground/9/NN/ES0HAXY8KDBVLR22MJDP1H
 |- Actor Path: /Game/Testing_Ground/Kurt/Kurt_Playground.Kurt_Playground:PersistentLevel.LandscapeStreamingProxy_CPIFHQMH4L4TGX10F8JPC21HU_126_0_3_0
 |- Actor Package: /Game/__ExternalActors__/Testing_Ground/Kurt/Kurt_Playground/D/AX/4NCJMZ0H2OH0SWDAW2ZBWG
 |- Actor Path: /Game/Testing_Ground/Kurt/Kurt_Playground.Kurt_Playground:PersistentLevel.LandscapeStreamingProxy_CPIFHQMH4L4TGX10F8JPC21HU_126_1_0_0
 |- Actor Package: /Game/__ExternalActors__/Testing_Ground/Kurt/Kurt_Playground/B/I1/XZ456KZSM0DWO57TQ270CB
 |- Actor Path: /Game/Testing_Ground/Kurt/Kurt_Playground.Kurt_Playground:PersistentLevel.LandscapeStreamingProxy_CPIFHQMH4L4TGX10F8JPC21HU_126_1_1_0
 |- Actor Package: /Game/__ExternalActors__/Testing_Ground/Kurt/Kurt_Playground/D/I5/77SU1I4205RHQBC24AI0VS
 |- Actor Path: /Game/Testing_Ground/Kurt/Kurt_Playground.Kurt_Playground:PersistentLevel.LandscapeStreamingProxy_CPIFHQMH4L4TGX10F8JPC21HU_126_1_2_0
 |- Actor Package: /Game/__ExternalActors__/Testing_Ground/Kurt/Kurt_Playground/0/C3/8ZL2PDZZ4VF823EXDE2NF6
 |- Actor Path: /Game/Testing_Ground/Kurt/Kurt_Playground.Kurt_Playground:PersistentLevel.LandscapeStreamingProxy_CPIFHQMH4L4TGX10F8JPC21HU_126_1_3_0
 |- Actor Package: /Game/__ExternalActors__/Testing_Ground/Kurt/Kurt_Playground/5/6K/H7PKKOAMUG02KS8BWQ8HQI
 |- Actor Path: /Game/Testing_Ground/Kurt/Kurt_Playground.Kurt_Playground:PersistentLevel.LandscapeStreamingProxy_CPIFHQMH4L4TGX10F8JPC21HU_126_2_0_0
 |- Actor Package: /Game/__ExternalActors__/Testing_Ground/Kurt/Kurt_Playground/C/Z2/M15CKU1K43XY5OCMFA9S0A
 |- Actor Path: /Game/Testing_Ground/Kurt/Kurt_Playground.Kurt_Playground:PersistentLevel.LandscapeStreamingProxy_CPIFHQMH4L4TGX10F8JPC21HU_126_2_1_0
 |- Actor Package: /Game/__ExternalActors__/Testing_Ground/Kurt/Kurt_Playground/A/38/XUES39BNSCP48W18OZF0SR
 |- Actor Path: /Game/Testing_Ground/Kurt/Kurt_Playground.Kurt_Playground:PersistentLevel.LandscapeStreamingProxy_CPIFHQMH4L4TGX10F8JPC21HU_126_2_2_0
 |- Actor Package: /Game/__ExternalActors__/Testing_Ground/Kurt/Kurt_Playground/9/RJ/OCXPBPCCR6MRU85XK1B96Q
 |- Actor Path: /Game/Testing_Ground/Kurt/Kurt_Playground.Kurt_Playground:PersistentLevel.LandscapeStreamingProxy_CPIFHQMH4L4TGX10F8JPC21HU_126_2_3_0
 |- Actor Package: /Game/__ExternalActors__/Testing_Ground/Kurt/Kurt_Playground/B/80/75DKJVN2M7T0L8X9WIJV6V
 |- Actor Path: /Game/Testing_Ground/Kurt/Kurt_Playground.Kurt_Playground:PersistentLevel.LandscapeStreamingProxy_CPIFHQMH4L4TGX10F8JPC21HU_126_3_0_0
 |- Actor Package: /Game/__ExternalActors__/Testing_Ground/Kurt/Kurt_Playground/C/T3/C3N9Y8SXF8INM1QAKLA2FM
 |- Actor Path: /Game/Testing_Ground/Kurt/Kurt_Playground.Kurt_Playground:PersistentLevel.LandscapeStreamingProxy_CPIFHQMH4L4TGX10F8JPC21HU_126_3_1_0
 |- Actor Package: /Game/__ExternalActors__/Testing_Ground/Kurt/Kurt_Playground/8/8T/I2VWZ63Z6L5UUYXDMVDBVQ
 |- Actor Path: /Game/Testing_Ground/Kurt/Kurt_Playground.Kurt_Playground:PersistentLevel.LandscapeStreamingProxy_CPIFHQMH4L4TGX10F8JPC21HU_126_3_2_0
 |- Actor Package: /Game/__ExternalActors__/Testing_Ground/Kurt/Kurt_Playground/6/B3/I0JVPIQ9DVDT5OJ8SZY5P4
 |- Actor Path: /Game/Testing_Ground/Kurt/Kurt_Playground.Kurt_Playground:PersistentLevel.LandscapeStreamingProxy_CPIFHQMH4L4TGX10F8JPC21HU_126_3_3_0
 |- Actor Package: /Game/__ExternalActors__/Testing_Ground/Kurt/Kurt_Playground/A/MB/A9YD10UMMBK2E7ORZGVFWE
 |- Actor Path: /Game/Testing_Ground/Kurt/Kurt_Playground.Kurt_Playground:PersistentLevel.PlayerStart_0
 |- Actor Package: /Game/__ExternalActors__/Testing_Ground/Kurt/Kurt_Playground/6/BZ/YQDG2EYOID8WC9X1UF43CR
 |- Actor Path: /Game/Testing_Ground/Kurt/Kurt_Playground.Kurt_Playground:PersistentLevel.PostProcessVolume_0
 |- Actor Package: /Game/__ExternalActors__/Testing_Ground/Kurt/Kurt_Playground/1/8J/Z28CEACNZB66XWVQF809EH
 |- Actor Path: /Game/Testing_Ground/Kurt/Kurt_Playground.Kurt_Playground:PersistentLevel.SkyAtmosphere_0
 |- Actor Package: /Game/__ExternalActors__/Testing_Ground/Kurt/Kurt_Playground/5/X4/TEWWDI2E8JTBNGW06KAV6S
 |- Actor Path: /Game/Testing_Ground/Kurt/Kurt_Playground.Kurt_Playground:PersistentLevel.SkyLight_1
 |- Actor Package: /Game/__ExternalActors__/Testing_Ground/Kurt/Kurt_Playground/B/JD/XRP29BC2WV5RQ1OGMJ8UE4
 |- Actor Path: /Game/Testing_Ground/Kurt/Kurt_Playground.Kurt_Playground:PersistentLevel.StaticMeshActor_UAID_00FF710A957554ED01_1647520216
 |- Actor Package: /Game/__ExternalActors__/Testing_Ground/Kurt/Kurt_Playground/A/R3/TVJP7Q4PDII2Z41J008K3A
 |- Actor Path: /Game/Testing_Ground/Kurt/Kurt_Playground.Kurt_Playground:PersistentLevel.StaticMeshActor_UAID_00FF710A957565ED01_1871315207
 |- Actor Package: /Game/__ExternalActors__/Testing_Ground/Kurt/Kurt_Playground/5/ZB/LHFRP44CR2LAM2X8OZO7I6
 |- Actor Path: /Game/Testing_Ground/Kurt/Kurt_Playground.Kurt_Playground:PersistentLevel.StaticMeshActor_UAID_00FF710A957565ED01_1872222208
 |- Actor Package: /Game/__ExternalActors__/Testing_Ground/Kurt/Kurt_Playground/8/2L/KI9XMTZSH4D7L8PKP5CTS2
 |- Actor Path: /Game/Testing_Ground/Kurt/Kurt_Playground.Kurt_Playground:PersistentLevel.StaticMeshActor_UAID_84144D0F1E542AEB01_1586721713
 |- Actor Package: /Game/__ExternalActors__/Testing_Ground/Kurt/Kurt_Playground/D/HN/T2IEFFR87M4N1UKNHLFHEB
 |- Actor Path: /Game/Testing_Ground/Kurt/Kurt_Playground.Kurt_Playground:PersistentLevel.StaticMeshActor_UAID_A4AE111137DC5EFB00_1110535423
 |- Actor Package: /Game/__ExternalActors__/Testing_Ground/Kurt/Kurt_Playground/2/WN/HZ2YW89L13A2F4K6XTC8DA
 |- Actor Path: /Game/Testing_Ground/Kurt/Kurt_Playground.Kurt_Playground:PersistentLevel.TestPlayground_C_1
 |- Actor Package: /Game/Testing_Ground/Kurt/Kurt_Playground
 |- Actor Path: /Game/Testing_Ground/Kurt/Kurt_Playground.Kurt_Playground:PersistentLevel.TextRenderActor_1
 |- Actor Package: /Game/__ExternalActors__/Testing_Ground/Kurt/Kurt_Playground/0/SL/HUFD92RE3CGZGEGMJ2UM1M
 |- Actor Path: /Game/Testing_Ground/Kurt/Kurt_Playground.Kurt_Playground:PersistentLevel.VolumetricCloud_0
 |- Actor Package: /Game/__ExternalActors__/Testing_Ground/Kurt/Kurt_Playground/7/7H/BNTMRKHWJS24LPQ0J5EE7G
 |- Actor Path: /Game/Testing_Ground/Kurt/Kurt_Playground.Kurt_Playground:PersistentLevel.WorldDataLayers
 |- Actor Package: /Game/__ExternalActors__/Testing_Ground/Kurt/Kurt_Playground/6/YK/WCLSJ3RXCMOSQ2VKF7JQST
 |- Actor Path: /Game/Testing_Ground/Kurt/Kurt_Playground.Kurt_Playground:PersistentLevel.WorldInfo_0
 |- Actor Package: /Game/Testing_Ground/Kurt/Kurt_Playground
 |- Actor Path: /Game/Testing_Ground/Kurt/Kurt_Playground.Kurt_Playground:PersistentLevel.WorldPartitionMiniMap_0
 |- Actor Package: /Game/__ExternalActors__/Testing_Ground/Kurt/Kurt_Playground/2/RV/JV5QM8BL26IKW6CMX8LCQ4

----------------------------------------------------------------------------------------------------------------
Kurt_Playground - Runtime Spatial Hash - Streaming Grid - MainGrid
----------------------------------------------------------------------------------------------------------------
            Origin: X=0.000 Y=0.000 Z=0.000
         Cell Size: 12800
      World Bounds: IsValid=false, Min=(X=0.000 Y=0.000 Z=0.000), Max=(X=0.000 Y=0.000 Z=0.000)
     Loading Range: 25600.00
Block Slow Loading: No
 ClientOnlyVisible: No
            Origin: X=0.000 Y=0.000 Z=0.000

[+] Grid Levels: 1
 |- Level  0: Cell Count    0 | Cell Size   12800 | Actor Count    0 (0.0%)

[+] Content of Grid Level 0

